{"/home/dev-qa/stage/CRUD Node.js TS/src/models/user.ts": {"path":"/home/dev-qa/stage/CRUD Node.js TS/src/models/user.ts","statementMap":{"0":{"start":{"line":1,"column":0},"end":{"line":1,"column":68}},"1":{"start":{"line":7,"column":0},"end":{"line":31,"column":null}},"2":{"start":{"line":15,"column":2},"end":{"line":15,"column":null}},"3":{"start":{"line":20,"column":2},"end":{"line":20,"column":null}},"4":{"start":{"line":25,"column":2},"end":{"line":25,"column":null}},"5":{"start":{"line":30,"column":2},"end":{"line":30,"column":null}},"6":{"start":{"line":7,"column":13},"end":{"line":31,"column":null}},"7":{"start":{"line":7,"column":13},"end":{"line":7,"column":17}}},"fnMap":{},"branchMap":{},"s":{"0":1,"1":1,"2":1,"3":1,"4":1,"5":1,"6":1,"7":1},"f":{},"b":{}}
,"/home/dev-qa/stage/CRUD Node.js TS/src/repositories/index.ts": {"path":"/home/dev-qa/stage/CRUD Node.js TS/src/repositories/index.ts","statementMap":{"0":{"start":{"line":1,"column":0},"end":{"line":1,"column":52}},"1":{"start":{"line":3,"column":9},"end":{"line":3,"column":23}}},"fnMap":{},"branchMap":{},"s":{"0":1,"1":1},"f":{},"b":{}}
,"/home/dev-qa/stage/CRUD Node.js TS/src/repositories/user-repository.ts": {"path":"/home/dev-qa/stage/CRUD Node.js TS/src/repositories/user-repository.ts","statementMap":{"0":{"start":{"line":1,"column":0},"end":{"line":1,"column":38}},"1":{"start":{"line":3,"column":28},"end":{"line":11,"column":2}},"2":{"start":{"line":3,"column":39},"end":{"line":11,"column":2}},"3":{"start":{"line":4,"column":4},"end":{"line":10,"column":null}},"4":{"start":{"line":5,"column":18},"end":{"line":5,"column":38}},"5":{"start":{"line":6,"column":6},"end":{"line":6,"column":19}},"6":{"start":{"line":9,"column":6},"end":{"line":9,"column":16}},"7":{"start":{"line":3,"column":13},"end":{"line":3,"column":28}},"8":{"start":{"line":12,"column":28},"end":{"line":20,"column":2}},"9":{"start":{"line":12,"column":53},"end":{"line":20,"column":2}},"10":{"start":{"line":13,"column":4},"end":{"line":19,"column":null}},"11":{"start":{"line":14,"column":17},"end":{"line":14,"column":44}},"12":{"start":{"line":15,"column":6},"end":{"line":15,"column":18}},"13":{"start":{"line":18,"column":6},"end":{"line":18,"column":16}},"14":{"start":{"line":12,"column":13},"end":{"line":12,"column":28}},"15":{"start":{"line":21,"column":29},"end":{"line":30,"column":2}},"16":{"start":{"line":21,"column":52},"end":{"line":30,"column":2}},"17":{"start":{"line":22,"column":4},"end":{"line":29,"column":null}},"18":{"start":{"line":23,"column":24},"end":{"line":23,"column":50}},"19":{"start":{"line":25,"column":6},"end":{"line":25,"column":25}},"20":{"start":{"line":28,"column":6},"end":{"line":28,"column":16}},"21":{"start":{"line":21,"column":13},"end":{"line":21,"column":29}},"22":{"start":{"line":31,"column":30},"end":{"line":45,"column":2}},"23":{"start":{"line":31,"column":66},"end":{"line":45,"column":2}},"24":{"start":{"line":32,"column":4},"end":{"line":44,"column":null}},"25":{"start":{"line":33,"column":43},"end":{"line":33,"column":47}},"26":{"start":{"line":34,"column":24},"end":{"line":38,"column":31}},"27":{"start":{"line":40,"column":8},"end":{"line":40,"column":27}},"28":{"start":{"line":43,"column":8},"end":{"line":43,"column":18}},"29":{"start":{"line":31,"column":13},"end":{"line":31,"column":30}},"30":{"start":{"line":47,"column":30},"end":{"line":55,"column":2}},"31":{"start":{"line":47,"column":55},"end":{"line":55,"column":2}},"32":{"start":{"line":48,"column":4},"end":{"line":54,"column":null}},"33":{"start":{"line":49,"column":19},"end":{"line":49,"column":60}},"34":{"start":{"line":50,"column":8},"end":{"line":50,"column":null}},"35":{"start":{"line":53,"column":8},"end":{"line":53,"column":18}},"36":{"start":{"line":47,"column":13},"end":{"line":47,"column":30}}},"fnMap":{"0":{"name":"(anonymous_7)","decl":{"start":{"line":3,"column":28},"end":{"line":3,"column":37}},"loc":{"start":{"line":3,"column":39},"end":{"line":11,"column":2}}},"1":{"name":"(anonymous_8)","decl":{"start":{"line":3,"column":39},"end":{"line":3,"column":null}},"loc":{"start":{"line":3,"column":39},"end":{"line":11,"column":1}}},"2":{"name":"(anonymous_9)","decl":{"start":{"line":12,"column":28},"end":{"line":12,"column":35}},"loc":{"start":{"line":12,"column":53},"end":{"line":20,"column":2}}},"3":{"name":"(anonymous_10)","decl":{"start":{"line":12,"column":53},"end":{"line":12,"column":null}},"loc":{"start":{"line":12,"column":53},"end":{"line":20,"column":1}}},"4":{"name":"(anonymous_11)","decl":{"start":{"line":21,"column":29},"end":{"line":21,"column":36}},"loc":{"start":{"line":21,"column":52},"end":{"line":30,"column":2}}},"5":{"name":"(anonymous_12)","decl":{"start":{"line":21,"column":52},"end":{"line":21,"column":null}},"loc":{"start":{"line":21,"column":52},"end":{"line":30,"column":1}}},"6":{"name":"(anonymous_13)","decl":{"start":{"line":31,"column":30},"end":{"line":31,"column":37}},"loc":{"start":{"line":31,"column":66},"end":{"line":45,"column":2}}},"7":{"name":"(anonymous_14)","decl":{"start":{"line":31,"column":66},"end":{"line":31,"column":null}},"loc":{"start":{"line":31,"column":66},"end":{"line":45,"column":1}}},"8":{"name":"(anonymous_15)","decl":{"start":{"line":47,"column":30},"end":{"line":47,"column":37}},"loc":{"start":{"line":47,"column":55},"end":{"line":55,"column":2}}},"9":{"name":"(anonymous_16)","decl":{"start":{"line":47,"column":55},"end":{"line":47,"column":null}},"loc":{"start":{"line":47,"column":55},"end":{"line":55,"column":1}}}},"branchMap":{},"s":{"0":1,"1":1,"2":0,"3":0,"4":0,"5":0,"6":0,"7":1,"8":1,"9":0,"10":0,"11":0,"12":0,"13":0,"14":1,"15":1,"16":0,"17":0,"18":0,"19":0,"20":0,"21":1,"22":1,"23":0,"24":0,"25":0,"26":0,"27":0,"28":0,"29":1,"30":1,"31":0,"32":0,"33":0,"34":0,"35":0,"36":1},"f":{"0":0,"1":0,"2":0,"3":0,"4":0,"5":0,"6":0,"7":0,"8":0,"9":0},"b":{}}
,"/home/dev-qa/stage/CRUD Node.js TS/src/services/index.ts": {"path":"/home/dev-qa/stage/CRUD Node.js TS/src/services/index.ts","statementMap":{"0":{"start":{"line":1,"column":0},"end":{"line":1,"column":46}},"1":{"start":{"line":3,"column":8},"end":{"line":3,"column":19}}},"fnMap":{},"branchMap":{},"s":{"0":1,"1":1},"f":{},"b":{}}
,"/home/dev-qa/stage/CRUD Node.js TS/src/services/user-service.ts": {"path":"/home/dev-qa/stage/CRUD Node.js TS/src/services/user-service.ts","statementMap":{"0":{"start":{"line":1,"column":0},"end":{"line":1,"column":46}},"1":{"start":{"line":3,"column":24},"end":{"line":7,"column":2}},"2":{"start":{"line":3,"column":35},"end":{"line":7,"column":2}},"3":{"start":{"line":4,"column":14},"end":{"line":4,"column":49}},"4":{"start":{"line":6,"column":2},"end":{"line":6,"column":12}},"5":{"start":{"line":3,"column":13},"end":{"line":3,"column":24}},"6":{"start":{"line":9,"column":27},"end":{"line":17,"column":2}},"7":{"start":{"line":9,"column":52},"end":{"line":17,"column":2}},"8":{"start":{"line":10,"column":4},"end":{"line":16,"column":null}},"9":{"start":{"line":11,"column":19},"end":{"line":11,"column":60}},"10":{"start":{"line":12,"column":8},"end":{"line":12,"column":20}},"11":{"start":{"line":15,"column":8},"end":{"line":15,"column":null}},"12":{"start":{"line":9,"column":13},"end":{"line":9,"column":27}},"13":{"start":{"line":19,"column":29},"end":{"line":27,"column":2}},"14":{"start":{"line":19,"column":52},"end":{"line":27,"column":2}},"15":{"start":{"line":20,"column":4},"end":{"line":26,"column":null}},"16":{"start":{"line":21,"column":26},"end":{"line":21,"column":69}},"17":{"start":{"line":22,"column":8},"end":{"line":22,"column":27}},"18":{"start":{"line":25,"column":8},"end":{"line":25,"column":18}},"19":{"start":{"line":19,"column":13},"end":{"line":19,"column":29}},"20":{"start":{"line":29,"column":30},"end":{"line":37,"column":2}},"21":{"start":{"line":29,"column":65},"end":{"line":37,"column":2}},"22":{"start":{"line":30,"column":4},"end":{"line":36,"column":null}},"23":{"start":{"line":31,"column":26},"end":{"line":31,"column":75}},"24":{"start":{"line":32,"column":8},"end":{"line":32,"column":27}},"25":{"start":{"line":35,"column":8},"end":{"line":35,"column":18}},"26":{"start":{"line":29,"column":13},"end":{"line":29,"column":30}},"27":{"start":{"line":39,"column":30},"end":{"line":47,"column":2}},"28":{"start":{"line":39,"column":55},"end":{"line":47,"column":2}},"29":{"start":{"line":40,"column":4},"end":{"line":46,"column":null}},"30":{"start":{"line":41,"column":19},"end":{"line":41,"column":62}},"31":{"start":{"line":42,"column":8},"end":{"line":42,"column":20}},"32":{"start":{"line":45,"column":8},"end":{"line":45,"column":18}},"33":{"start":{"line":39,"column":13},"end":{"line":39,"column":30}}},"fnMap":{"0":{"name":"(anonymous_7)","decl":{"start":{"line":3,"column":24},"end":{"line":3,"column":33}},"loc":{"start":{"line":3,"column":35},"end":{"line":7,"column":2}}},"1":{"name":"(anonymous_8)","decl":{"start":{"line":3,"column":35},"end":{"line":3,"column":null}},"loc":{"start":{"line":3,"column":35},"end":{"line":7,"column":1}}},"2":{"name":"(anonymous_9)","decl":{"start":{"line":9,"column":27},"end":{"line":9,"column":34}},"loc":{"start":{"line":9,"column":52},"end":{"line":17,"column":2}}},"3":{"name":"(anonymous_10)","decl":{"start":{"line":9,"column":52},"end":{"line":9,"column":null}},"loc":{"start":{"line":9,"column":52},"end":{"line":17,"column":1}}},"4":{"name":"(anonymous_11)","decl":{"start":{"line":19,"column":29},"end":{"line":19,"column":36}},"loc":{"start":{"line":19,"column":52},"end":{"line":27,"column":2}}},"5":{"name":"(anonymous_12)","decl":{"start":{"line":19,"column":52},"end":{"line":19,"column":null}},"loc":{"start":{"line":19,"column":52},"end":{"line":27,"column":1}}},"6":{"name":"(anonymous_13)","decl":{"start":{"line":29,"column":30},"end":{"line":29,"column":37}},"loc":{"start":{"line":29,"column":65},"end":{"line":37,"column":2}}},"7":{"name":"(anonymous_14)","decl":{"start":{"line":29,"column":65},"end":{"line":29,"column":null}},"loc":{"start":{"line":29,"column":65},"end":{"line":37,"column":1}}},"8":{"name":"(anonymous_15)","decl":{"start":{"line":39,"column":30},"end":{"line":39,"column":37}},"loc":{"start":{"line":39,"column":55},"end":{"line":47,"column":2}}},"9":{"name":"(anonymous_16)","decl":{"start":{"line":39,"column":55},"end":{"line":39,"column":null}},"loc":{"start":{"line":39,"column":55},"end":{"line":47,"column":1}}}},"branchMap":{},"s":{"0":1,"1":1,"2":0,"3":0,"4":0,"5":1,"6":1,"7":0,"8":0,"9":0,"10":0,"11":0,"12":1,"13":1,"14":0,"15":0,"16":0,"17":0,"18":0,"19":1,"20":1,"21":0,"22":0,"23":0,"24":0,"25":0,"26":1,"27":1,"28":0,"29":0,"30":0,"31":0,"32":0,"33":1},"f":{"0":0,"1":0,"2":0,"3":0,"4":0,"5":0,"6":0,"7":0,"8":0,"9":0},"b":{}}
}
