TN:
SF:src/models/index.ts
FNF:0
FNH:0
DA:1,3
DA:2,3
DA:4,3
LF:3
LH:3
BRF:0
BRH:0
end_of_record
TN:
SF:src/models/user.ts
FNF:0
FNH:0
DA:1,5
DA:7,5
DA:15,5
DA:20,5
DA:25,5
DA:30,5
LF:6
LH:6
BRF:0
BRH:0
end_of_record
TN:
SF:src/repositories/index.ts
FNF:0
FNH:0
DA:1,4
DA:3,4
LF:2
LH:2
BRF:0
BRH:0
end_of_record
TN:
SF:src/repositories/user-repository.ts
FN:3,(anonymous_7)
FN:3,(anonymous_8)
FN:12,(anonymous_9)
FN:12,(anonymous_10)
FN:21,(anonymous_11)
FN:21,(anonymous_12)
FN:31,(anonymous_13)
FN:31,(anonymous_14)
FN:46,(anonymous_15)
FN:46,(anonymous_16)
FNF:10
FNH:10
FNDA:2,(anonymous_7)
FNDA:2,(anonymous_8)
FNDA:6,(anonymous_9)
FNDA:6,(anonymous_10)
FNDA:10,(anonymous_11)
FNDA:10,(anonymous_12)
FNDA:2,(anonymous_13)
FNDA:2,(anonymous_14)
FNDA:2,(anonymous_15)
FNDA:2,(anonymous_16)
DA:1,4
DA:3,4
DA:4,2
DA:5,2
DA:6,2
DA:9,0
DA:12,6
DA:13,6
DA:14,6
DA:15,6
DA:18,0
DA:21,10
DA:22,10
DA:23,10
DA:25,10
DA:28,0
DA:31,4
DA:32,2
DA:33,2
DA:34,2
DA:40,2
DA:43,0
DA:46,4
DA:47,2
DA:48,2
DA:49,2
DA:52,0
LF:27
LH:22
BRF:0
BRH:0
end_of_record
TN:
SF:src/services/index.ts
FNF:0
FNH:0
DA:1,2
DA:3,2
LF:2
LH:2
BRF:0
BRH:0
end_of_record
TN:
SF:src/services/user-service.ts
FN:3,(anonymous_7)
FN:3,(anonymous_8)
FN:9,(anonymous_9)
FN:9,(anonymous_10)
FN:19,(anonymous_11)
FN:19,(anonymous_12)
FN:29,(anonymous_13)
FN:29,(anonymous_14)
FN:39,(anonymous_15)
FN:39,(anonymous_16)
FNF:10
FNH:10
FNDA:1,(anonymous_7)
FNDA:1,(anonymous_8)
FNDA:3,(anonymous_9)
FNDA:3,(anonymous_10)
FNDA:5,(anonymous_11)
FNDA:5,(anonymous_12)
FNDA:1,(anonymous_13)
FNDA:1,(anonymous_14)
FNDA:1,(anonymous_15)
FNDA:1,(anonymous_16)
DA:1,2
DA:3,2
DA:4,1
DA:6,1
DA:9,3
DA:10,3
DA:11,3
DA:12,3
DA:15,0
DA:19,5
DA:20,5
DA:21,5
DA:22,5
DA:25,0
DA:29,2
DA:30,1
DA:31,1
DA:32,1
DA:35,0
DA:39,2
DA:40,1
DA:41,1
DA:42,1
DA:45,0
LF:24
LH:20
BRF:0
BRH:0
end_of_record
