{
  "numFailedTestSuites": 0,
  "numFailedTests": 0,
  "numPassedTestSuites": 4,
  "numPassedTests": 12,
  "numPendingTestSuites": 0,
  "numPendingTests": 0,
  "numRuntimeErrorTestSuites": 0,
  "numTodoTests": 0,
  "numTotalTestSuites": 4,
  "numTotalTests": 12,
  "openHandles": [],
  "snapshot": {
    "added": 0,
    "didUpdate": false,
    "failure": false,
    "filesAdded": 0,
    "filesRemoved": 0,
    "filesRemovedList": [],
    "filesUnmatched": 0,
    "filesUpdated": 0,
    "matched": 0,
    "total": 0,
    "unchecked": 0,
    "uncheckedKeysByFile": [],
    "unmatched": 0,
    "updated": 0
  },
  "startTime": 1631266111297,
  "success": false,
  "testResults": [
    {
      "leaks": false,
      "numFailingTests": 0,
      "numPassingTests": 2,
      "numPendingTests": 0,
      "numTodoTests": 0,
      "openHandles": [],
      "perfStats": {
        "end": 1631266112517,
        "runtime": 1152,
        "slow": false,
        "start": 1631266111365
      },
      "skipped": false,
      "snapshot": {
        "added": 0,
        "fileDeleted": false,
        "matched": 0,
        "unchecked": 0,
        "uncheckedKeys": [],
        "unmatched": 0,
        "updated": 0
      },
      "testFilePath": "/home/dev-qa/Desktop/projects/stage/CRUD APP Api tests/__test__/users/delete.test.js",
      "testResults": [
        {
          "ancestorTitles": [
            "Crud api integration tests",
            "Positive test"
          ],
          "duration": 107,
          "failureDetails": [],
          "failureMessages": [],
          "fullName": "Crud api integration tests Positive test should delete user by id with valid data",
          "invocations": 1,
          "location": null,
          "numPassingAsserts": 0,
          "status": "passed",
          "title": "should delete user by id with valid data"
        },
        {
          "ancestorTitles": [
            "Crud api integration tests",
            "Negative test"
          ],
          "duration": 8,
          "failureDetails": [],
          "failureMessages": [],
          "fullName": "Crud api integration tests Negative test should get error message when deleting not existing user",
          "invocations": 1,
          "location": null,
          "numPassingAsserts": 0,
          "status": "passed",
          "title": "should get error message when deleting not existing user"
        }
      ],
      "failureMessage": null
    },
    {
      "leaks": false,
      "numFailingTests": 0,
      "numPassingTests": 4,
      "numPendingTests": 0,
      "numTodoTests": 0,
      "openHandles": [],
      "perfStats": {
        "end": 1631266112943,
        "runtime": 377,
        "slow": false,
        "start": 1631266112566
      },
      "skipped": false,
      "snapshot": {
        "added": 0,
        "fileDeleted": false,
        "matched": 0,
        "unchecked": 0,
        "uncheckedKeys": [],
        "unmatched": 0,
        "updated": 0
      },
      "testFilePath": "/home/dev-qa/Desktop/projects/stage/CRUD APP Api tests/__test__/users/get.test.js",
      "testResults": [
        {
          "ancestorTitles": [
            "Crud api integration tests",
            "Positive test"
          ],
          "duration": 10,
          "failureDetails": [],
          "failureMessages": [],
          "fullName": "Crud api integration tests Positive test should get hello message on home page",
          "invocations": 1,
          "location": null,
          "numPassingAsserts": 0,
          "status": "passed",
          "title": "should get hello message on home page"
        },
        {
          "ancestorTitles": [
            "Crud api integration tests",
            "Positive test"
          ],
          "duration": 30,
          "failureDetails": [],
          "failureMessages": [],
          "fullName": "Crud api integration tests Positive test should get all users",
          "invocations": 1,
          "location": null,
          "numPassingAsserts": 0,
          "status": "passed",
          "title": "should get all users"
        },
        {
          "ancestorTitles": [
            "Crud api integration tests",
            "Positive test"
          ],
          "duration": 26,
          "failureDetails": [],
          "failureMessages": [],
          "fullName": "Crud api integration tests Positive test should get user by id with valid data",
          "invocations": 1,
          "location": null,
          "numPassingAsserts": 0,
          "status": "passed",
          "title": "should get user by id with valid data"
        },
        {
          "ancestorTitles": [
            "Crud api integration tests",
            "Negative test"
          ],
          "duration": 8,
          "failureDetails": [],
          "failureMessages": [],
          "fullName": "Crud api integration tests Negative test should get error message when getting not existing user",
          "invocations": 1,
          "location": null,
          "numPassingAsserts": 0,
          "status": "passed",
          "title": "should get error message when getting not existing user"
        }
      ],
      "failureMessage": null
    },
    {
      "leaks": false,
      "numFailingTests": 0,
      "numPassingTests": 4,
      "numPendingTests": 0,
      "numTodoTests": 0,
      "openHandles": [],
      "perfStats": {
        "end": 1631266113286,
        "runtime": 294,
        "slow": false,
        "start": 1631266112992
      },
      "skipped": false,
      "snapshot": {
        "added": 0,
        "fileDeleted": false,
        "matched": 0,
        "unchecked": 0,
        "uncheckedKeys": [],
        "unmatched": 0,
        "updated": 0
      },
      "testFilePath": "/home/dev-qa/Desktop/projects/stage/CRUD APP Api tests/__test__/users/post.test.js",
      "testResults": [
        {
          "ancestorTitles": [
            "Crud api integration tests",
            "Positive test"
          ],
          "duration": 23,
          "failureDetails": [],
          "failureMessages": [],
          "fullName": "Crud api integration tests Positive test should create a user with valid data",
          "invocations": 1,
          "location": null,
          "numPassingAsserts": 0,
          "status": "passed",
          "title": "should create a user with valid data"
        },
        {
          "ancestorTitles": [
            "Negative test"
          ],
          "duration": 5,
          "failureDetails": [],
          "failureMessages": [],
          "fullName": "Negative test should not create a user with not fully data",
          "invocations": 1,
          "location": null,
          "numPassingAsserts": 0,
          "status": "passed",
          "title": "should not create a user with not fully data"
        },
        {
          "ancestorTitles": [
            "Negative test"
          ],
          "duration": 6,
          "failureDetails": [],
          "failureMessages": [],
          "fullName": "Negative test should not create a user with not fully data",
          "invocations": 1,
          "location": null,
          "numPassingAsserts": 0,
          "status": "passed",
          "title": "should not create a user with not fully data"
        },
        {
          "ancestorTitles": [
            "Negative test"
          ],
          "duration": 5,
          "failureDetails": [],
          "failureMessages": [],
          "fullName": "Negative test should not create a user with not fully data",
          "invocations": 1,
          "location": null,
          "numPassingAsserts": 0,
          "status": "passed",
          "title": "should not create a user with not fully data"
        }
      ],
      "failureMessage": null
    },
    {
      "leaks": false,
      "numFailingTests": 0,
      "numPassingTests": 2,
      "numPendingTests": 0,
      "numTodoTests": 0,
      "openHandles": [],
      "perfStats": {
        "end": 1631266113616,
        "runtime": 277,
        "slow": false,
        "start": 1631266113339
      },
      "skipped": false,
      "snapshot": {
        "added": 0,
        "fileDeleted": false,
        "matched": 0,
        "unchecked": 0,
        "uncheckedKeys": [],
        "unmatched": 0,
        "updated": 0
      },
      "testFilePath": "/home/dev-qa/Desktop/projects/stage/CRUD APP Api tests/__test__/users/put.test.js",
      "testResults": [
        {
          "ancestorTitles": [
            "Crud api integration tests",
            "Positive test"
          ],
          "duration": 44,
          "failureDetails": [],
          "failureMessages": [],
          "fullName": "Crud api integration tests Positive test should update user with valid data",
          "invocations": 1,
          "location": null,
          "numPassingAsserts": 0,
          "status": "passed",
          "title": "should update user with valid data"
        },
        {
          "ancestorTitles": [
            "Crud api integration tests",
            "Negative test"
          ],
          "duration": 7,
          "failureDetails": [],
          "failureMessages": [],
          "fullName": "Crud api integration tests Negative test should get error message when updating not existing user",
          "invocations": 1,
          "location": null,
          "numPassingAsserts": 0,
          "status": "passed",
          "title": "should get error message when updating not existing user"
        }
      ],
      "failureMessage": null
    }
  ],
  "wasInterrupted": false,
  "coverageMap": {
    "/home/dev-qa/Desktop/projects/stage/CRUD APP Api tests/commonTests.js": {
      "path": "/home/dev-qa/Desktop/projects/stage/CRUD APP Api tests/commonTests.js",
      "statementMap": {
        "0": {
          "start": {
            "line": 1,
            "column": 18
          },
          "end": {
            "line": 1,
            "column": 38
          }
        },
        "1": {
          "start": {
            "line": 2,
            "column": 16
          },
          "end": {
            "line": 2,
            "column": 51
          }
        },
        "2": {
          "start": {
            "line": 5,
            "column": 22
          },
          "end": {
            "line": 5,
            "column": 49
          }
        },
        "3": {
          "start": {
            "line": 7,
            "column": 0
          },
          "end": {
            "line": 13,
            "column": 2
          }
        }
      },
      "fnMap": {},
      "branchMap": {},
      "s": {
        "0": 4,
        "1": 4,
        "2": 4,
        "3": 4
      },
      "f": {},
      "b": {},
      "_coverageSchema": "1a1c01bbd47fc00a2c39e90264f33305004495a9",
      "hash": "6f4f8cafa996dbed53a3f95ff280314fc96bfde8"
    }
  }
}