{
  "numFailedTestSuites": 0,
  "numFailedTests": 0,
  "numPassedTestSuites": 4,
  "numPassedTests": 12,
  "numPendingTestSuites": 0,
  "numPendingTests": 0,
  "numRuntimeErrorTestSuites": 0,
  "numTodoTests": 0,
  "numTotalTestSuites": 4,
  "numTotalTests": 12,
  "openHandles": [],
  "snapshot": {
    "added": 0,
    "didUpdate": false,
    "failure": false,
    "filesAdded": 0,
    "filesRemoved": 0,
    "filesRemovedList": [],
    "filesUnmatched": 0,
    "filesUpdated": 0,
    "matched": 0,
    "total": 0,
    "unchecked": 0,
    "uncheckedKeysByFile": [],
    "unmatched": 0,
    "updated": 0
  },
  "startTime": 1631623729131,
  "success": false,
  "testResults": [
    {
      "leaks": false,
      "numFailingTests": 0,
      "numPassingTests": 2,
      "numPendingTests": 0,
      "numTodoTests": 0,
      "openHandles": [],
      "perfStats": {
        "end": 1631623730252,
        "runtime": 1056,
        "slow": false,
        "start": 1631623729196
      },
      "skipped": false,
      "snapshot": {
        "added": 0,
        "fileDeleted": false,
        "matched": 0,
        "unchecked": 0,
        "uncheckedKeys": [],
        "unmatched": 0,
        "updated": 0
      },
      "testFilePath": "/home/dev-qa/Desktop/projects/stage/CRUD APP Api tests/tests/users/delete.test.js",
      "testResults": [
        {
          "ancestorTitles": [
            "Crud api integration tests",
            "Positive test"
          ],
          "duration": 97,
          "failureDetails": [],
          "failureMessages": [],
          "fullName": "Crud api integration tests Positive test should delete user by id with valid data",
          "invocations": 1,
          "location": null,
          "numPassingAsserts": 0,
          "status": "passed",
          "title": "should delete user by id with valid data"
        },
        {
          "ancestorTitles": [
            "Crud api integration tests",
            "Negative test"
          ],
          "duration": 7,
          "failureDetails": [],
          "failureMessages": [],
          "fullName": "Crud api integration tests Negative test should get error message when deleting not existing user",
          "invocations": 1,
          "location": null,
          "numPassingAsserts": 0,
          "status": "passed",
          "title": "should get error message when deleting not existing user"
        }
      ],
      "failureMessage": null
    },
    {
      "leaks": false,
      "numFailingTests": 0,
      "numPassingTests": 4,
      "numPendingTests": 0,
      "numTodoTests": 0,
      "openHandles": [],
      "perfStats": {
        "end": 1631623730724,
        "runtime": 427,
        "slow": false,
        "start": 1631623730297
      },
      "skipped": false,
      "snapshot": {
        "added": 0,
        "fileDeleted": false,
        "matched": 0,
        "unchecked": 0,
        "uncheckedKeys": [],
        "unmatched": 0,
        "updated": 0
      },
      "testFilePath": "/home/dev-qa/Desktop/projects/stage/CRUD APP Api tests/tests/users/get.test.js",
      "testResults": [
        {
          "ancestorTitles": [
            "Crud api integration tests",
            "Positive test"
          ],
          "duration": 9,
          "failureDetails": [],
          "failureMessages": [],
          "fullName": "Crud api integration tests Positive test should get hello message on home page",
          "invocations": 1,
          "location": null,
          "numPassingAsserts": 0,
          "status": "passed",
          "title": "should get hello message on home page"
        },
        {
          "ancestorTitles": [
            "Crud api integration tests",
            "Positive test"
          ],
          "duration": 31,
          "failureDetails": [],
          "failureMessages": [],
          "fullName": "Crud api integration tests Positive test should get all users",
          "invocations": 1,
          "location": null,
          "numPassingAsserts": 0,
          "status": "passed",
          "title": "should get all users"
        },
        {
          "ancestorTitles": [
            "Crud api integration tests",
            "Positive test"
          ],
          "duration": 29,
          "failureDetails": [],
          "failureMessages": [],
          "fullName": "Crud api integration tests Positive test should get user by id with valid data",
          "invocations": 1,
          "location": null,
          "numPassingAsserts": 0,
          "status": "passed",
          "title": "should get user by id with valid data"
        },
        {
          "ancestorTitles": [
            "Crud api integration tests",
            "Negative test"
          ],
          "duration": 7,
          "failureDetails": [],
          "failureMessages": [],
          "fullName": "Crud api integration tests Negative test should get error message when getting not existing user",
          "invocations": 1,
          "location": null,
          "numPassingAsserts": 0,
          "status": "passed",
          "title": "should get error message when getting not existing user"
        }
      ],
      "failureMessage": null
    },
    {
      "leaks": false,
      "numFailingTests": 0,
      "numPassingTests": 4,
      "numPendingTests": 0,
      "numTodoTests": 0,
      "openHandles": [],
      "perfStats": {
        "end": 1631623731053,
        "runtime": 284,
        "slow": false,
        "start": 1631623730769
      },
      "skipped": false,
      "snapshot": {
        "added": 0,
        "fileDeleted": false,
        "matched": 0,
        "unchecked": 0,
        "uncheckedKeys": [],
        "unmatched": 0,
        "updated": 0
      },
      "testFilePath": "/home/dev-qa/Desktop/projects/stage/CRUD APP Api tests/tests/users/post.test.js",
      "testResults": [
        {
          "ancestorTitles": [
            "Crud api integration tests",
            "Positive test"
          ],
          "duration": 28,
          "failureDetails": [],
          "failureMessages": [],
          "fullName": "Crud api integration tests Positive test should create a user with valid data",
          "invocations": 1,
          "location": null,
          "numPassingAsserts": 0,
          "status": "passed",
          "title": "should create a user with valid data"
        },
        {
          "ancestorTitles": [
            "Negative test"
          ],
          "duration": 6,
          "failureDetails": [],
          "failureMessages": [],
          "fullName": "Negative test should not create a user with not fully data",
          "invocations": 1,
          "location": null,
          "numPassingAsserts": 0,
          "status": "passed",
          "title": "should not create a user with not fully data"
        },
        {
          "ancestorTitles": [
            "Negative test"
          ],
          "duration": 5,
          "failureDetails": [],
          "failureMessages": [],
          "fullName": "Negative test should not create a user with not fully data",
          "invocations": 1,
          "location": null,
          "numPassingAsserts": 0,
          "status": "passed",
          "title": "should not create a user with not fully data"
        },
        {
          "ancestorTitles": [
            "Negative test"
          ],
          "duration": 5,
          "failureDetails": [],
          "failureMessages": [],
          "fullName": "Negative test should not create a user with not fully data",
          "invocations": 1,
          "location": null,
          "numPassingAsserts": 0,
          "status": "passed",
          "title": "should not create a user with not fully data"
        }
      ],
      "failureMessage": null
    },
    {
      "leaks": false,
      "numFailingTests": 0,
      "numPassingTests": 2,
      "numPendingTests": 0,
      "numTodoTests": 0,
      "openHandles": [],
      "perfStats": {
        "end": 1631623731348,
        "runtime": 256,
        "slow": false,
        "start": 1631623731092
      },
      "skipped": false,
      "snapshot": {
        "added": 0,
        "fileDeleted": false,
        "matched": 0,
        "unchecked": 0,
        "uncheckedKeys": [],
        "unmatched": 0,
        "updated": 0
      },
      "testFilePath": "/home/dev-qa/Desktop/projects/stage/CRUD APP Api tests/tests/users/put.test.js",
      "testResults": [
        {
          "ancestorTitles": [
            "Crud api integration tests",
            "Positive test"
          ],
          "duration": 38,
          "failureDetails": [],
          "failureMessages": [],
          "fullName": "Crud api integration tests Positive test should update user with valid data",
          "invocations": 1,
          "location": null,
          "numPassingAsserts": 0,
          "status": "passed",
          "title": "should update user with valid data"
        },
        {
          "ancestorTitles": [
            "Crud api integration tests",
            "Negative test"
          ],
          "duration": 6,
          "failureDetails": [],
          "failureMessages": [],
          "fullName": "Crud api integration tests Negative test should get error message when updating not existing user",
          "invocations": 1,
          "location": null,
          "numPassingAsserts": 0,
          "status": "passed",
          "title": "should get error message when updating not existing user"
        }
      ],
      "failureMessage": null
    }
  ],
  "wasInterrupted": false,
  "coverageMap": {
    "/home/dev-qa/Desktop/projects/stage/CRUD APP Api tests/commonTests.js": {
      "path": "/home/dev-qa/Desktop/projects/stage/CRUD APP Api tests/commonTests.js",
      "statementMap": {
        "0": {
          "start": {
            "line": 1,
            "column": 18
          },
          "end": {
            "line": 1,
            "column": 38
          }
        },
        "1": {
          "start": {
            "line": 2,
            "column": 16
          },
          "end": {
            "line": 2,
            "column": 51
          }
        },
        "2": {
          "start": {
            "line": 5,
            "column": 22
          },
          "end": {
            "line": 5,
            "column": 48
          }
        },
        "3": {
          "start": {
            "line": 7,
            "column": 0
          },
          "end": {
            "line": 13,
            "column": 2
          }
        }
      },
      "fnMap": {},
      "branchMap": {},
      "s": {
        "0": 4,
        "1": 4,
        "2": 4,
        "3": 4
      },
      "f": {},
      "b": {},
      "_coverageSchema": "1a1c01bbd47fc00a2c39e90264f33305004495a9",
      "hash": "74c5b2a84c00bbbb90a23bc892b18aecf3537794"
    }
  }
}